<?xml version="1.0" encoding="utf-8"?><testsuites name="pytest tests"><testsuite name="pytest" errors="0" failures="0" skipped="0" tests="17" time="4.067" timestamp="2026-05-15T12:58:49.627459+00:00" hostname="agent-env-d5eea5cc-6a61-488c-91b9-a0f1aaf3df19"><testcase classname="backend.tests.test_boston_crime_api.TestHealth" name="test_health_ok" time="0.281" /><testcase classname="backend.tests.test_boston_crime_api.TestIncidents" name="test_recent_default_limit" time="0.118" /><testcase classname="backend.tests.test_boston_crime_api.TestIncidents" name="test_incidents_filter_category" time="0.111" /><testcase classname="backend.tests.test_boston_crime_api.TestIncidents" name="test_incidents_filter_neighborhood" time="0.116" /><testcase classname="backend.tests.test_boston_crime_api.TestIncidents" name="test_incidents_filter_district" time="0.107" /><testcase classname="backend.tests.test_boston_crime_api.TestIncidents" name="test_incidents_filter_days" time="0.118" /><testcase classname="backend.tests.test_boston_crime_api.TestIncidents" name="test_incidents_invalid_category_404" time="0.095" /><testcase classname="backend.tests.test_boston_crime_api.TestIncidents" name="test_incidents_invalid_neighborhood_404" time="0.133" /><testcase classname="backend.tests.test_boston_crime_api.TestStats" name="test_overview" time="0.126" /><testcase classname="backend.tests.test_boston_crime_api.TestNeighborhoods" name="test_list" time="0.167" /><testcase classname="backend.tests.test_boston_crime_api.TestNeighborhoods" name="test_detail_south_boston" time="0.126" /><testcase classname="backend.tests.test_boston_crime_api.TestNeighborhoods" name="test_detail_not_found" time="0.097" /><testcase classname="backend.tests.test_boston_crime_api.TestCategories" name="test_list" time="0.127" /><testcase classname="backend.tests.test_boston_crime_api.TestCategories" name="test_detail_larceny" time="0.151" /><testcase classname="backend.tests.test_boston_crime_api.TestCategories" name="test_detail_not_found" time="0.108" /><testcase classname="backend.tests.test_boston_crime_api.TestWickedPicks" name="test_picks" time="0.125" /><testcase classname="backend.tests.test_boston_crime_api.TestRefresh" name="test_refresh" time="1.833" /></testsuite></testsuites>